[INFO] Scanning for projects...
[WARNING] 
[WARNING] Some problems were encountered while building the effective model for com.yamap55:guild-story2-memo:jar:1.0.0-SNAPSHOT
[WARNING] 'dependencies.dependency.(groupId:artifactId:type:classifier)' must be unique: org.springframework.boot:spring-boot-starter-test:jar -> duplicate declaration of version (?) @ line 42, column 15
[WARNING] 
[WARNING] It is highly recommended to fix these problems because they threaten the stability of your build.
[WARNING] 
[WARNING] For this reason, future Maven versions might no longer support building such malformed projects.
[WARNING] 
[INFO]                                                                         
[INFO] ------------------------------------------------------------------------
[INFO] Building guild-story2-memo 1.0.0-SNAPSHOT
[INFO] ------------------------------------------------------------------------
[INFO] 
[INFO] >>> spring-boot-maven-plugin:1.2.5.RELEASE:run (default-cli) > test-compile @ guild-story2-memo >>>
[INFO] 
[INFO] --- maven-resources-plugin:2.6:resources (default-resources) @ guild-story2-memo ---
[INFO] Using 'UTF-8' encoding to copy filtered resources.
[INFO] Copying 1 resource
[INFO] Copying 5 resources
[INFO] 
[INFO] --- maven-compiler-plugin:3.1:compile (default-compile) @ guild-story2-memo ---
[INFO] Nothing to compile - all classes are up to date
[INFO] 
[INFO] --- maven-resources-plugin:2.6:testResources (default-testResources) @ guild-story2-memo ---
[INFO] Using 'UTF-8' encoding to copy filtered resources.
[INFO] skip non existing resourceDirectory C:\work\workspace\guild-story2-memo\guild-story2-memo\src\test\resources
[INFO] 
[INFO] --- maven-compiler-plugin:3.1:testCompile (default-testCompile) @ guild-story2-memo ---
[INFO] Nothing to compile - all classes are up to date
[INFO] 
[INFO] <<< spring-boot-maven-plugin:1.2.5.RELEASE:run (default-cli) < test-compile @ guild-story2-memo <<<
[INFO] 
[INFO] --- spring-boot-maven-plugin:1.2.5.RELEASE:run (default-cli) @ guild-story2-memo ---

  .   ____          _            __ _ _
 /\\ / ___'_ __ _ _(_)_ __  __ _ \ \ \ \
( ( )\___ | '_ | '_| | '_ \/ _` | \ \ \ \
 \\/  ___)| |_)| | | | | || (_| |  ) ) ) )
  '  |____| .__|_| |_|_| |_\__, | / / / /
 =========|_|==============|___/=/_/_/_/
 :: Spring Boot ::        (v1.2.5.RELEASE)

2015-11-15 22:01:49.394  INFO 9820 --- [ap55.App.main()] com.yamap55.App                          : Starting App on yamap_55_PC with PID 9820 (C:\work\workspace\guild-story2-memo\guild-story2-memo\target\classes started by yamap_55 in C:\work\workspace\guild-story2-memo\guild-story2-memo)
2015-11-15 22:01:49.455  INFO 9820 --- [ap55.App.main()] ationConfigEmbeddedWebApplicationContext : Refreshing org.springframework.boot.context.embedded.AnnotationConfigEmbeddedWebApplicationContext@26f4be8a: startup date [Sun Nov 15 22:01:49 JST 2015]; root of context hierarchy
2015-11-15 22:01:50.615  INFO 9820 --- [ap55.App.main()] o.s.b.f.s.DefaultListableBeanFactory     : Overriding bean definition for bean 'beanNameViewResolver': replacing [Root bean: class [null]; scope=; abstract=false; lazyInit=false; autowireMode=3; dependencyCheck=0; autowireCandidate=true; primary=false; factoryBeanName=org.springframework.boot.autoconfigure.web.ErrorMvcAutoConfiguration$WhitelabelErrorViewConfiguration; factoryMethodName=beanNameViewResolver; initMethodName=null; destroyMethodName=(inferred); defined in class path resource [org/springframework/boot/autoconfigure/web/ErrorMvcAutoConfiguration$WhitelabelErrorViewConfiguration.class]] with [Root bean: class [null]; scope=; abstract=false; lazyInit=false; autowireMode=3; dependencyCheck=0; autowireCandidate=true; primary=false; factoryBeanName=org.springframework.boot.autoconfigure.web.WebMvcAutoConfiguration$WebMvcAutoConfigurationAdapter; factoryMethodName=beanNameViewResolver; initMethodName=null; destroyMethodName=(inferred); defined in class path resource [org/springframework/boot/autoconfigure/web/WebMvcAutoConfiguration$WebMvcAutoConfigurationAdapter.class]]
2015-11-15 22:01:51.917  INFO 9820 --- [ap55.App.main()] trationDelegate$BeanPostProcessorChecker : Bean 'org.springframework.transaction.annotation.ProxyTransactionManagementConfiguration' of type [class org.springframework.transaction.annotation.ProxyTransactionManagementConfiguration$$EnhancerBySpringCGLIB$$8a8cb69b] is not eligible for getting processed by all BeanPostProcessors (for example: not eligible for auto-proxying)
2015-11-15 22:01:51.960  INFO 9820 --- [ap55.App.main()] trationDelegate$BeanPostProcessorChecker : Bean 'transactionAttributeSource' of type [class org.springframework.transaction.annotation.AnnotationTransactionAttributeSource] is not eligible for getting processed by all BeanPostProcessors (for example: not eligible for auto-proxying)
2015-11-15 22:01:51.979  INFO 9820 --- [ap55.App.main()] trationDelegate$BeanPostProcessorChecker : Bean 'transactionInterceptor' of type [class org.springframework.transaction.interceptor.TransactionInterceptor] is not eligible for getting processed by all BeanPostProcessors (for example: not eligible for auto-proxying)
2015-11-15 22:01:51.987  INFO 9820 --- [ap55.App.main()] trationDelegate$BeanPostProcessorChecker : Bean 'org.springframework.transaction.config.internalTransactionAdvisor' of type [class org.springframework.transaction.interceptor.BeanFactoryTransactionAttributeSourceAdvisor] is not eligible for getting processed by all BeanPostProcessors (for example: not eligible for auto-proxying)
2015-11-15 22:01:52.840  INFO 9820 --- [ap55.App.main()] s.b.c.e.t.TomcatEmbeddedServletContainer : Tomcat initialized with port(s): 8080 (http)
2015-11-15 22:01:53.120  INFO 9820 --- [ap55.App.main()] o.apache.catalina.core.StandardService   : Starting service Tomcat
2015-11-15 22:01:53.122  INFO 9820 --- [ap55.App.main()] org.apache.catalina.core.StandardEngine  : Starting Servlet Engine: Apache Tomcat/8.0.23
2015-11-15 22:01:53.309  INFO 9820 --- [ost-startStop-1] o.a.c.c.C.[Tomcat].[localhost].[/]       : Initializing Spring embedded WebApplicationContext
2015-11-15 22:01:53.310  INFO 9820 --- [ost-startStop-1] o.s.web.context.ContextLoader            : Root WebApplicationContext: initialization completed in 3860 ms
2015-11-15 22:01:54.734  INFO 9820 --- [ost-startStop-1] o.s.b.c.e.ServletRegistrationBean        : Mapping servlet: 'dispatcherServlet' to [/]
2015-11-15 22:01:54.742  INFO 9820 --- [ost-startStop-1] o.s.b.c.embedded.FilterRegistrationBean  : Mapping filter: 'hiddenHttpMethodFilter' to: [/*]
2015-11-15 22:01:54.742  INFO 9820 --- [ost-startStop-1] o.s.b.c.embedded.FilterRegistrationBean  : Mapping filter: 'characterEncodingFilter' to: [/*]
2015-11-15 22:01:55.408  INFO 9820 --- [ap55.App.main()] jdbc.connection                          : 1. Connection opened
2015-11-15 22:01:55.409  INFO 9820 --- [ap55.App.main()] jdbc.audit                               : 1. Connection.new Connection returned 
2015-11-15 22:01:55.409  INFO 9820 --- [ap55.App.main()] jdbc.connection                          : 2. Connection opened
2015-11-15 22:01:55.409  INFO 9820 --- [ap55.App.main()] jdbc.audit                               : 2. Connection.new Connection returned 
2015-11-15 22:01:55.414  INFO 9820 --- [ap55.App.main()] jdbc.audit                               : 1. Connection.getMetaData() returned dbMeta2: conn9: url=jdbc:h2:file:c:/tmp/guild_story2 user=SA
2015-11-15 22:01:55.414  INFO 9820 --- [ap55.App.main()] jdbc.audit                               : 1. Connection.getMetaData() returned dbMeta3: conn9: url=jdbc:h2:file:c:/tmp/guild_story2 user=SA
2015-11-15 22:01:55.414  INFO 9820 --- [ap55.App.main()] o.f.c.i.dbsupport.DbSupportFactory       : Database: jdbc:h2:file:c:/tmp/guild_story2 (H2 1.4)
2015-11-15 22:01:55.417  INFO 9820 --- [ap55.App.main()] jdbc.audit                               : 1. Connection.getMetaData() returned dbMeta4: conn9: url=jdbc:h2:file:c:/tmp/guild_story2 user=SA
2015-11-15 22:01:55.459  INFO 9820 --- [ap55.App.main()] jdbc.audit                               : 2. Connection.getAutoCommit() returned true
2015-11-15 22:01:55.459  INFO 9820 --- [ap55.App.main()] jdbc.audit                               : 2. Connection.setAutoCommit(false) returned 
2015-11-15 22:01:55.460  INFO 9820 --- [ap55.App.main()] jdbc.audit                               : 2. Connection.commit() returned 
2015-11-15 22:01:55.460  INFO 9820 --- [ap55.App.main()] jdbc.audit                               : 2. Connection.setAutoCommit(true) returned 
2015-11-15 22:01:55.461  INFO 9820 --- [ap55.App.main()] jdbc.audit                               : 1. Connection.getAutoCommit() returned true
2015-11-15 22:01:55.461  INFO 9820 --- [ap55.App.main()] jdbc.audit                               : 1. Connection.setAutoCommit(false) returned 
2015-11-15 22:01:55.475  INFO 9820 --- [ap55.App.main()] jdbc.audit                               : 1. Connection.getMetaData() returned dbMeta5: conn9: url=jdbc:h2:file:c:/tmp/guild_story2 user=SA
2015-11-15 22:01:55.480  INFO 9820 --- [ap55.App.main()] jdbc.audit                               : 1. Connection.getMetaData() returned dbMeta6: conn9: url=jdbc:h2:file:c:/tmp/guild_story2 user=SA
2015-11-15 22:01:55.485  INFO 9820 --- [ap55.App.main()] jdbc.audit                               : 1. Statement.new Statement returned 
2015-11-15 22:01:55.485  INFO 9820 --- [ap55.App.main()] jdbc.audit                               : 1. Connection.createStatement() returned net.sf.log4jdbc.StatementSpy@520e405
2015-11-15 22:01:55.485  INFO 9820 --- [ap55.App.main()] jdbc.sqlonly                             : SELECT "version_rank","installed_rank","version","description","type","script","checksum","installed_on","installed_by","execution_time","success" 
FROM "PUBLIC"."schema_version" ORDER BY "version_rank" 
2015-11-15 22:01:55.486  INFO 9820 --- [ap55.App.main()] jdbc.sqltiming                           : SELECT "version_rank","installed_rank","version","description","type","script","checksum","installed_on","installed_by","execution_time","success" 
FROM "PUBLIC"."schema_version" ORDER BY "version_rank"  {executed in 0 msec}
2015-11-15 22:01:55.493  INFO 9820 --- [ap55.App.main()] jdbc.resultset                           : 1. ResultSet.new ResultSet returned 
2015-11-15 22:01:55.493  INFO 9820 --- [ap55.App.main()] jdbc.audit                               : 1. Statement.executeQuery(SELECT "version_rank","installed_rank","version","description","type","script","checksum","installed_on","installed_by","execution_time","success" FROM "PUBLIC"."schema_version" ORDER BY "version_rank") returned net.sf.log4jdbc.ResultSetSpy@9160143
2015-11-15 22:01:55.496  INFO 9820 --- [ap55.App.main()] jdbc.resultset                           : 1. ResultSet.next() returned true
2015-11-15 22:01:55.497  INFO 9820 --- [ap55.App.main()] jdbc.resultset                           : 1. ResultSet.getInt(checksum) returned -54052939
2015-11-15 22:01:55.497  INFO 9820 --- [ap55.App.main()] jdbc.resultset                           : 1. ResultSet.wasNull() returned false
2015-11-15 22:01:55.498  INFO 9820 --- [ap55.App.main()] jdbc.resultset                           : 1. ResultSet.getInt(version_rank) returned 1
2015-11-15 22:01:55.498  INFO 9820 --- [ap55.App.main()] jdbc.resultset                           : 1. ResultSet.getInt(installed_rank) returned 1
2015-11-15 22:01:55.498  INFO 9820 --- [ap55.App.main()] jdbc.resultset                           : 1. ResultSet.getString(version) returned 1
2015-11-15 22:01:55.499  INFO 9820 --- [ap55.App.main()] jdbc.resultset                           : 1. ResultSet.getString(description) returned create-schema
2015-11-15 22:01:55.499  INFO 9820 --- [ap55.App.main()] jdbc.resultset                           : 1. ResultSet.getString(type) returned SQL
2015-11-15 22:01:55.499  INFO 9820 --- [ap55.App.main()] jdbc.resultset                           : 1. ResultSet.getString(script) returned V1__create-schema.sql
2015-11-15 22:01:55.501  INFO 9820 --- [ap55.App.main()] jdbc.resultset                           : 1. ResultSet.getTimestamp(installed_on) returned 2015-11-15 21:56:50.539
2015-11-15 22:01:55.502  INFO 9820 --- [ap55.App.main()] jdbc.resultset                           : 1. ResultSet.getString(installed_by) returned SA
2015-11-15 22:01:55.502  INFO 9820 --- [ap55.App.main()] jdbc.resultset                           : 1. ResultSet.getInt(execution_time) returned 31
2015-11-15 22:01:55.502  INFO 9820 --- [ap55.App.main()] jdbc.resultset                           : 1. ResultSet.getBoolean(success) returned true
2015-11-15 22:01:55.502  INFO 9820 --- [ap55.App.main()] jdbc.resultset                           : 1. ResultSet.next() returned true
2015-11-15 22:01:55.502  INFO 9820 --- [ap55.App.main()] jdbc.resultset                           : 1. ResultSet.getInt(checksum) returned 1717863781
2015-11-15 22:01:55.502  INFO 9820 --- [ap55.App.main()] jdbc.resultset                           : 1. ResultSet.wasNull() returned false
2015-11-15 22:01:55.502  INFO 9820 --- [ap55.App.main()] jdbc.resultset                           : 1. ResultSet.getInt(version_rank) returned 2
2015-11-15 22:01:55.503  INFO 9820 --- [ap55.App.main()] jdbc.resultset                           : 1. ResultSet.getInt(installed_rank) returned 2
2015-11-15 22:01:55.504  INFO 9820 --- [ap55.App.main()] jdbc.resultset                           : 1. ResultSet.getString(version) returned 2
2015-11-15 22:01:55.504  INFO 9820 --- [ap55.App.main()] jdbc.resultset                           : 1. ResultSet.getString(description) returned import-supre-rare-master
2015-11-15 22:01:55.505  INFO 9820 --- [ap55.App.main()] jdbc.resultset                           : 1. ResultSet.getString(type) returned SQL
2015-11-15 22:01:55.505  INFO 9820 --- [ap55.App.main()] jdbc.resultset                           : 1. ResultSet.getString(script) returned V2__import-supre-rare-master.sql
2015-11-15 22:01:55.505  INFO 9820 --- [ap55.App.main()] jdbc.resultset                           : 1. ResultSet.getTimestamp(installed_on) returned 2015-11-15 21:56:50.75
2015-11-15 22:01:55.505  INFO 9820 --- [ap55.App.main()] jdbc.resultset                           : 1. ResultSet.getString(installed_by) returned SA
2015-11-15 22:01:55.505  INFO 9820 --- [ap55.App.main()] jdbc.resultset                           : 1. ResultSet.getInt(execution_time) returned 171
2015-11-15 22:01:55.505  INFO 9820 --- [ap55.App.main()] jdbc.resultset                           : 1. ResultSet.getBoolean(success) returned true
2015-11-15 22:01:55.505  INFO 9820 --- [ap55.App.main()] jdbc.resultset                           : 1. ResultSet.next() returned true
2015-11-15 22:01:55.506  INFO 9820 --- [ap55.App.main()] jdbc.resultset                           : 1. ResultSet.getInt(checksum) returned -547091869
2015-11-15 22:01:55.506  INFO 9820 --- [ap55.App.main()] jdbc.resultset                           : 1. ResultSet.wasNull() returned false
2015-11-15 22:01:55.506  INFO 9820 --- [ap55.App.main()] jdbc.resultset                           : 1. ResultSet.getInt(version_rank) returned 3
2015-11-15 22:01:55.506  INFO 9820 --- [ap55.App.main()] jdbc.resultset                           : 1. ResultSet.getInt(installed_rank) returned 3
2015-11-15 22:01:55.506  INFO 9820 --- [ap55.App.main()] jdbc.resultset                           : 1. ResultSet.getString(version) returned 3
2015-11-15 22:01:55.506  INFO 9820 --- [ap55.App.main()] jdbc.resultset                           : 1. ResultSet.getString(description) returned import-item-master
2015-11-15 22:01:55.506  INFO 9820 --- [ap55.App.main()] jdbc.resultset                           : 1. ResultSet.getString(type) returned SQL
2015-11-15 22:01:55.506  INFO 9820 --- [ap55.App.main()] jdbc.resultset                           : 1. ResultSet.getString(script) returned V3__import-item-master.sql
2015-11-15 22:01:55.506  INFO 9820 --- [ap55.App.main()] jdbc.resultset                           : 1. ResultSet.getTimestamp(installed_on) returned 2015-11-15 21:56:51.591
2015-11-15 22:01:55.507  INFO 9820 --- [ap55.App.main()] jdbc.resultset                           : 1. ResultSet.getString(installed_by) returned SA
2015-11-15 22:01:55.507  INFO 9820 --- [ap55.App.main()] jdbc.resultset                           : 1. ResultSet.getInt(execution_time) returned 774
2015-11-15 22:01:55.507  INFO 9820 --- [ap55.App.main()] jdbc.resultset                           : 1. ResultSet.getBoolean(success) returned true
2015-11-15 22:01:55.507  INFO 9820 --- [ap55.App.main()] jdbc.resultset                           : 1. ResultSet.next() returned true
2015-11-15 22:01:55.507  INFO 9820 --- [ap55.App.main()] jdbc.resultset                           : 1. ResultSet.getInt(checksum) returned 1411208952
2015-11-15 22:01:55.507  INFO 9820 --- [ap55.App.main()] jdbc.resultset                           : 1. ResultSet.wasNull() returned false
2015-11-15 22:01:55.507  INFO 9820 --- [ap55.App.main()] jdbc.resultset                           : 1. ResultSet.getInt(version_rank) returned 4
2015-11-15 22:01:55.507  INFO 9820 --- [ap55.App.main()] jdbc.resultset                           : 1. ResultSet.getInt(installed_rank) returned 4
2015-11-15 22:01:55.507  INFO 9820 --- [ap55.App.main()] jdbc.resultset                           : 1. ResultSet.getString(version) returned 4
2015-11-15 22:01:55.508  INFO 9820 --- [ap55.App.main()] jdbc.resultset                           : 1. ResultSet.getString(description) returned import-sample-super-rare
2015-11-15 22:01:55.508  INFO 9820 --- [ap55.App.main()] jdbc.resultset                           : 1. ResultSet.getString(type) returned SQL
2015-11-15 22:01:55.508  INFO 9820 --- [ap55.App.main()] jdbc.resultset                           : 1. ResultSet.getString(script) returned V4__import-sample-super-rare.sql
2015-11-15 22:01:55.508  INFO 9820 --- [ap55.App.main()] jdbc.resultset                           : 1. ResultSet.getTimestamp(installed_on) returned 2015-11-15 21:56:51.608
2015-11-15 22:01:55.508  INFO 9820 --- [ap55.App.main()] jdbc.resultset                           : 1. ResultSet.getString(installed_by) returned SA
2015-11-15 22:01:55.508  INFO 9820 --- [ap55.App.main()] jdbc.resultset                           : 1. ResultSet.getInt(execution_time) returned 2
2015-11-15 22:01:55.508  INFO 9820 --- [ap55.App.main()] jdbc.resultset                           : 1. ResultSet.getBoolean(success) returned true
2015-11-15 22:01:55.511  INFO 9820 --- [ap55.App.main()] jdbc.resultsettable                      : |-------------|---------------|--------|-------------------------|-----|---------------------------------|-----------|------------------------|-------------|---------------|--------|
2015-11-15 22:01:55.512  INFO 9820 --- [ap55.App.main()] jdbc.resultsettable                      : |version_rank |installed_rank |version |description              |type |script                           |checksum   |installed_on            |installed_by |execution_time |success |
2015-11-15 22:01:55.512  INFO 9820 --- [ap55.App.main()] jdbc.resultsettable                      : |-------------|---------------|--------|-------------------------|-----|---------------------------------|-----------|------------------------|-------------|---------------|--------|
2015-11-15 22:01:55.512  INFO 9820 --- [ap55.App.main()] jdbc.resultsettable                      : |1            |1              |1       |create-schema            |SQL  |V1__create-schema.sql            |-54052939  |2015-11-15 21:56:50.539 |SA           |31             |true    |
2015-11-15 22:01:55.513  INFO 9820 --- [ap55.App.main()] jdbc.resultsettable                      : |2            |2              |2       |import-supre-rare-master |SQL  |V2__import-supre-rare-master.sql |1717863781 |2015-11-15 21:56:50.75  |SA           |171            |true    |
2015-11-15 22:01:55.513  INFO 9820 --- [ap55.App.main()] jdbc.resultsettable                      : |3            |3              |3       |import-item-master       |SQL  |V3__import-item-master.sql       |-547091869 |2015-11-15 21:56:51.591 |SA           |774            |true    |
2015-11-15 22:01:55.513  INFO 9820 --- [ap55.App.main()] jdbc.resultsettable                      : |4            |4              |4       |import-sample-super-rare |SQL  |V4__import-sample-super-rare.sql |1411208952 |2015-11-15 21:56:51.608 |SA           |2              |true    |
2015-11-15 22:01:55.514  INFO 9820 --- [ap55.App.main()] jdbc.resultsettable                      : |-------------|---------------|--------|-------------------------|-----|---------------------------------|-----------|------------------------|-------------|---------------|--------|
2015-11-15 22:01:55.514  INFO 9820 --- [ap55.App.main()] jdbc.resultset                           : 1. ResultSet.next() returned false
2015-11-15 22:01:55.514  INFO 9820 --- [ap55.App.main()] jdbc.resultset                           : 1. ResultSet.close() returned null
2015-11-15 22:01:55.514  INFO 9820 --- [ap55.App.main()] jdbc.audit                               : 1. Statement.close() returned 
2015-11-15 22:01:55.520  INFO 9820 --- [ap55.App.main()] jdbc.audit                               : 1. Connection.commit() returned 
2015-11-15 22:01:55.520  INFO 9820 --- [ap55.App.main()] jdbc.audit                               : 1. Connection.setAutoCommit(true) returned 
2015-11-15 22:01:55.521  INFO 9820 --- [ap55.App.main()] o.f.core.internal.command.DbValidate     : Validated 4 migrations (execution time 00:00.059s)
2015-11-15 22:01:55.522  INFO 9820 --- [ap55.App.main()] jdbc.audit                               : 2. Connection.getAutoCommit() returned true
2015-11-15 22:01:55.522  INFO 9820 --- [ap55.App.main()] jdbc.audit                               : 2. Connection.setAutoCommit(false) returned 
2015-11-15 22:01:55.522  INFO 9820 --- [ap55.App.main()] jdbc.audit                               : 2. Connection.commit() returned 
2015-11-15 22:01:55.522  INFO 9820 --- [ap55.App.main()] jdbc.audit                               : 2. Connection.setAutoCommit(true) returned 
2015-11-15 22:01:55.524  INFO 9820 --- [ap55.App.main()] jdbc.audit                               : 1. Connection.getAutoCommit() returned true
2015-11-15 22:01:55.524  INFO 9820 --- [ap55.App.main()] jdbc.audit                               : 1. Connection.setAutoCommit(false) returned 
2015-11-15 22:01:55.529  INFO 9820 --- [ap55.App.main()] jdbc.audit                               : 1. PreparedStatement.new PreparedStatement returned 
2015-11-15 22:01:55.529  INFO 9820 --- [ap55.App.main()] jdbc.audit                               : 1. Connection.prepareStatement(SELECT COUNT(*) FROM INFORMATION_SCHEMA.schemata WHERE schema_name=?) returned net.sf.log4jdbc.PreparedStatementSpy@172fa3ee
2015-11-15 22:01:55.529  INFO 9820 --- [ap55.App.main()] jdbc.audit                               : 1. PreparedStatement.setString(1, "PUBLIC") returned 
2015-11-15 22:01:55.530  INFO 9820 --- [ap55.App.main()] jdbc.sqlonly                             : SELECT COUNT(*) FROM INFORMATION_SCHEMA.schemata WHERE schema_name='PUBLIC' 
2015-11-15 22:01:55.535  INFO 9820 --- [ap55.App.main()] jdbc.sqltiming                           : SELECT COUNT(*) FROM INFORMATION_SCHEMA.schemata WHERE schema_name='PUBLIC'  {executed in 5 msec}
2015-11-15 22:01:55.535  INFO 9820 --- [ap55.App.main()] jdbc.resultset                           : 1. ResultSet.new ResultSet returned 
2015-11-15 22:01:55.535  INFO 9820 --- [ap55.App.main()] jdbc.audit                               : 1. PreparedStatement.executeQuery() returned net.sf.log4jdbc.ResultSetSpy@3b6e1375
2015-11-15 22:01:55.536  INFO 9820 --- [ap55.App.main()] jdbc.resultset                           : 1. ResultSet.next() returned true
2015-11-15 22:01:55.536  INFO 9820 --- [ap55.App.main()] jdbc.resultset                           : 1. ResultSet.getInt(1) returned 1
2015-11-15 22:01:55.536  INFO 9820 --- [ap55.App.main()] jdbc.resultset                           : 1. ResultSet.close() returned null
2015-11-15 22:01:55.536  INFO 9820 --- [ap55.App.main()] jdbc.audit                               : 1. PreparedStatement.close() returned 
2015-11-15 22:01:55.536  INFO 9820 --- [ap55.App.main()] jdbc.audit                               : 1. Connection.commit() returned 
2015-11-15 22:01:55.536  INFO 9820 --- [ap55.App.main()] jdbc.audit                               : 1. Connection.setAutoCommit(true) returned 
2015-11-15 22:01:55.536  INFO 9820 --- [ap55.App.main()] jdbc.audit                               : 1. Connection.getMetaData() returned dbMeta7: conn9: url=jdbc:h2:file:c:/tmp/guild_story2 user=SA
2015-11-15 22:01:55.538  INFO 9820 --- [ap55.App.main()] jdbc.audit                               : 1. Connection.getMetaData() returned dbMeta8: conn9: url=jdbc:h2:file:c:/tmp/guild_story2 user=SA
2015-11-15 22:01:55.542  INFO 9820 --- [ap55.App.main()] jdbc.audit                               : 1. PreparedStatement.new PreparedStatement returned 
2015-11-15 22:01:55.542  INFO 9820 --- [ap55.App.main()] jdbc.audit                               : 1. Connection.prepareStatement(SELECT COUNT(*) FROM "PUBLIC"."schema_version" WHERE "type"='INIT' OR"type"='BASELINE') returned net.sf.log4jdbc.PreparedStatementSpy@7c46eda1
2015-11-15 22:01:55.542  INFO 9820 --- [ap55.App.main()] jdbc.sqlonly                             : SELECT COUNT(*) FROM "PUBLIC"."schema_version" WHERE "type"='INIT' OR"type"='BASELINE' 
2015-11-15 22:01:55.543  INFO 9820 --- [ap55.App.main()] jdbc.sqltiming                           : SELECT COUNT(*) FROM "PUBLIC"."schema_version" WHERE "type"='INIT' OR"type"='BASELINE'  {executed in 0 msec}
2015-11-15 22:01:55.543  INFO 9820 --- [ap55.App.main()] jdbc.resultset                           : 1. ResultSet.new ResultSet returned 
2015-11-15 22:01:55.543  INFO 9820 --- [ap55.App.main()] jdbc.audit                               : 1. PreparedStatement.executeQuery() returned net.sf.log4jdbc.ResultSetSpy@3143d0db
2015-11-15 22:01:55.543  INFO 9820 --- [ap55.App.main()] jdbc.resultset                           : 1. ResultSet.next() returned true
2015-11-15 22:01:55.543  INFO 9820 --- [ap55.App.main()] jdbc.resultset                           : 1. ResultSet.getInt(1) returned 0
2015-11-15 22:01:55.543  INFO 9820 --- [ap55.App.main()] jdbc.resultset                           : 1. ResultSet.close() returned null
2015-11-15 22:01:55.543  INFO 9820 --- [ap55.App.main()] jdbc.audit                               : 1. PreparedStatement.close() returned 
2015-11-15 22:01:55.544  INFO 9820 --- [ap55.App.main()] jdbc.audit                               : 1. Connection.getMetaData() returned dbMeta9: conn9: url=jdbc:h2:file:c:/tmp/guild_story2 user=SA
2015-11-15 22:01:55.545  INFO 9820 --- [ap55.App.main()] jdbc.audit                               : 1. Connection.getMetaData() returned dbMeta10: conn9: url=jdbc:h2:file:c:/tmp/guild_story2 user=SA
2015-11-15 22:01:55.547  INFO 9820 --- [ap55.App.main()] jdbc.audit                               : 1. PreparedStatement.new PreparedStatement returned 
2015-11-15 22:01:55.547  INFO 9820 --- [ap55.App.main()] jdbc.audit                               : 1. Connection.prepareStatement(SELECT COUNT(*) FROM "PUBLIC"."schema_version" WHERE "type" NOT IN ('SCHEMA', 'INIT', 'BASELINE')) returned net.sf.log4jdbc.PreparedStatementSpy@3d1b8797
2015-11-15 22:01:55.547  INFO 9820 --- [ap55.App.main()] jdbc.sqlonly                             : SELECT COUNT(*) FROM "PUBLIC"."schema_version" WHERE "type" NOT IN ('SCHEMA', 'INIT', 'BASELINE') 

2015-11-15 22:01:55.547  INFO 9820 --- [ap55.App.main()] jdbc.sqltiming                           : SELECT COUNT(*) FROM "PUBLIC"."schema_version" WHERE "type" NOT IN ('SCHEMA', 'INIT', 'BASELINE') 
 {executed in 0 msec}
2015-11-15 22:01:55.547  INFO 9820 --- [ap55.App.main()] jdbc.resultset                           : 1. ResultSet.new ResultSet returned 
2015-11-15 22:01:55.548  INFO 9820 --- [ap55.App.main()] jdbc.audit                               : 1. PreparedStatement.executeQuery() returned net.sf.log4jdbc.ResultSetSpy@7692411a
2015-11-15 22:01:55.548  INFO 9820 --- [ap55.App.main()] jdbc.resultset                           : 1. ResultSet.next() returned true
2015-11-15 22:01:55.548  INFO 9820 --- [ap55.App.main()] jdbc.resultset                           : 1. ResultSet.getInt(1) returned 4
2015-11-15 22:01:55.548  INFO 9820 --- [ap55.App.main()] jdbc.resultset                           : 1. ResultSet.close() returned null
2015-11-15 22:01:55.548  INFO 9820 --- [ap55.App.main()] jdbc.audit                               : 1. PreparedStatement.close() returned 
2015-11-15 22:01:55.548  INFO 9820 --- [ap55.App.main()] jdbc.audit                               : 2. Connection.getMetaData() returned dbMeta11: conn8: url=jdbc:h2:file:c:/tmp/guild_story2 user=SA
2015-11-15 22:01:55.548  INFO 9820 --- [ap55.App.main()] jdbc.audit                               : 2. Connection.getMetaData() returned dbMeta12: conn8: url=jdbc:h2:file:c:/tmp/guild_story2 user=SA
2015-11-15 22:01:55.551  INFO 9820 --- [ap55.App.main()] jdbc.audit                               : 2. Connection.getAutoCommit() returned true
2015-11-15 22:01:55.552  INFO 9820 --- [ap55.App.main()] jdbc.audit                               : 2. Connection.setAutoCommit(false) returned 
2015-11-15 22:01:55.552  INFO 9820 --- [ap55.App.main()] jdbc.audit                               : 2. Connection.commit() returned 
2015-11-15 22:01:55.552  INFO 9820 --- [ap55.App.main()] jdbc.audit                               : 2. Connection.setAutoCommit(true) returned 
2015-11-15 22:01:55.553  INFO 9820 --- [ap55.App.main()] jdbc.audit                               : 1. Connection.getAutoCommit() returned true
2015-11-15 22:01:55.553  INFO 9820 --- [ap55.App.main()] jdbc.audit                               : 1. Connection.setAutoCommit(false) returned 
2015-11-15 22:01:55.553  INFO 9820 --- [ap55.App.main()] jdbc.audit                               : 1. Connection.getMetaData() returned dbMeta13: conn9: url=jdbc:h2:file:c:/tmp/guild_story2 user=SA
2015-11-15 22:01:55.555  INFO 9820 --- [ap55.App.main()] jdbc.audit                               : 1. PreparedStatement.new PreparedStatement returned 
2015-11-15 22:01:55.555  INFO 9820 --- [ap55.App.main()] jdbc.audit                               : 1. Connection.prepareStatement(select * from "PUBLIC"."schema_version" for update) returned net.sf.log4jdbc.PreparedStatementSpy@3d232462
2015-11-15 22:01:55.555  INFO 9820 --- [ap55.App.main()] jdbc.sqlonly                             : select * from "PUBLIC"."schema_version" for update 
2015-11-15 22:01:55.559  INFO 9820 --- [ap55.App.main()] jdbc.sqltiming                           : select * from "PUBLIC"."schema_version" for update  {executed in 4 msec}
2015-11-15 22:01:55.559  INFO 9820 --- [ap55.App.main()] jdbc.audit                               : 1. PreparedStatement.execute() returned true
2015-11-15 22:01:55.559  INFO 9820 --- [ap55.App.main()] jdbc.audit                               : 1. PreparedStatement.close() returned 
2015-11-15 22:01:55.559  INFO 9820 --- [ap55.App.main()] jdbc.audit                               : 1. Connection.getMetaData() returned dbMeta14: conn9: url=jdbc:h2:file:c:/tmp/guild_story2 user=SA
2015-11-15 22:01:55.561  INFO 9820 --- [ap55.App.main()] jdbc.audit                               : 1. Connection.getMetaData() returned dbMeta15: conn9: url=jdbc:h2:file:c:/tmp/guild_story2 user=SA
2015-11-15 22:01:55.562  INFO 9820 --- [ap55.App.main()] jdbc.audit                               : 1. Statement.new Statement returned 
2015-11-15 22:01:55.562  INFO 9820 --- [ap55.App.main()] jdbc.audit                               : 1. Connection.createStatement() returned net.sf.log4jdbc.StatementSpy@591e29fa
2015-11-15 22:01:55.562  INFO 9820 --- [ap55.App.main()] jdbc.sqlonly                             : SELECT "version_rank","installed_rank","version","description","type","script","checksum","installed_on","installed_by","execution_time","success" 
FROM "PUBLIC"."schema_version" ORDER BY "version_rank" 
2015-11-15 22:01:55.563  INFO 9820 --- [ap55.App.main()] jdbc.sqltiming                           : SELECT "version_rank","installed_rank","version","description","type","script","checksum","installed_on","installed_by","execution_time","success" 
FROM "PUBLIC"."schema_version" ORDER BY "version_rank"  {executed in 0 msec}
2015-11-15 22:01:55.563  INFO 9820 --- [ap55.App.main()] jdbc.resultset                           : 1. ResultSet.new ResultSet returned 
2015-11-15 22:01:55.563  INFO 9820 --- [ap55.App.main()] jdbc.audit                               : 1. Statement.executeQuery(SELECT "version_rank","installed_rank","version","description","type","script","checksum","installed_on","installed_by","execution_time","success" FROM "PUBLIC"."schema_version" ORDER BY "version_rank") returned net.sf.log4jdbc.ResultSetSpy@71146f68
2015-11-15 22:01:55.563  INFO 9820 --- [ap55.App.main()] jdbc.resultset                           : 1. ResultSet.next() returned true
2015-11-15 22:01:55.563  INFO 9820 --- [ap55.App.main()] jdbc.resultset                           : 1. ResultSet.getInt(checksum) returned -54052939
2015-11-15 22:01:55.563  INFO 9820 --- [ap55.App.main()] jdbc.resultset                           : 1. ResultSet.wasNull() returned false
2015-11-15 22:01:55.563  INFO 9820 --- [ap55.App.main()] jdbc.resultset                           : 1. ResultSet.getInt(version_rank) returned 1
2015-11-15 22:01:55.563  INFO 9820 --- [ap55.App.main()] jdbc.resultset                           : 1. ResultSet.getInt(installed_rank) returned 1
2015-11-15 22:01:55.563  INFO 9820 --- [ap55.App.main()] jdbc.resultset                           : 1. ResultSet.getString(version) returned 1
2015-11-15 22:01:55.563  INFO 9820 --- [ap55.App.main()] jdbc.resultset                           : 1. ResultSet.getString(description) returned create-schema
2015-11-15 22:01:55.564  INFO 9820 --- [ap55.App.main()] jdbc.resultset                           : 1. ResultSet.getString(type) returned SQL
2015-11-15 22:01:55.564  INFO 9820 --- [ap55.App.main()] jdbc.resultset                           : 1. ResultSet.getString(script) returned V1__create-schema.sql
2015-11-15 22:01:55.564  INFO 9820 --- [ap55.App.main()] jdbc.resultset                           : 1. ResultSet.getTimestamp(installed_on) returned 2015-11-15 21:56:50.539
2015-11-15 22:01:55.564  INFO 9820 --- [ap55.App.main()] jdbc.resultset                           : 1. ResultSet.getString(installed_by) returned SA
2015-11-15 22:01:55.564  INFO 9820 --- [ap55.App.main()] jdbc.resultset                           : 1. ResultSet.getInt(execution_time) returned 31
2015-11-15 22:01:55.564  INFO 9820 --- [ap55.App.main()] jdbc.resultset                           : 1. ResultSet.getBoolean(success) returned true
2015-11-15 22:01:55.564  INFO 9820 --- [ap55.App.main()] jdbc.resultset                           : 1. ResultSet.next() returned true
2015-11-15 22:01:55.564  INFO 9820 --- [ap55.App.main()] jdbc.resultset                           : 1. ResultSet.getInt(checksum) returned 1717863781
2015-11-15 22:01:55.564  INFO 9820 --- [ap55.App.main()] jdbc.resultset                           : 1. ResultSet.wasNull() returned false
2015-11-15 22:01:55.564  INFO 9820 --- [ap55.App.main()] jdbc.resultset                           : 1. ResultSet.getInt(version_rank) returned 2
2015-11-15 22:01:55.564  INFO 9820 --- [ap55.App.main()] jdbc.resultset                           : 1. ResultSet.getInt(installed_rank) returned 2
2015-11-15 22:01:55.565  INFO 9820 --- [ap55.App.main()] jdbc.resultset                           : 1. ResultSet.getString(version) returned 2
2015-11-15 22:01:55.565  INFO 9820 --- [ap55.App.main()] jdbc.resultset                           : 1. ResultSet.getString(description) returned import-supre-rare-master
2015-11-15 22:01:55.565  INFO 9820 --- [ap55.App.main()] jdbc.resultset                           : 1. ResultSet.getString(type) returned SQL
2015-11-15 22:01:55.565  INFO 9820 --- [ap55.App.main()] jdbc.resultset                           : 1. ResultSet.getString(script) returned V2__import-supre-rare-master.sql
2015-11-15 22:01:55.565  INFO 9820 --- [ap55.App.main()] jdbc.resultset                           : 1. ResultSet.getTimestamp(installed_on) returned 2015-11-15 21:56:50.75
2015-11-15 22:01:55.565  INFO 9820 --- [ap55.App.main()] jdbc.resultset                           : 1. ResultSet.getString(installed_by) returned SA
2015-11-15 22:01:55.565  INFO 9820 --- [ap55.App.main()] jdbc.resultset                           : 1. ResultSet.getInt(execution_time) returned 171
2015-11-15 22:01:55.565  INFO 9820 --- [ap55.App.main()] jdbc.resultset                           : 1. ResultSet.getBoolean(success) returned true
2015-11-15 22:01:55.565  INFO 9820 --- [ap55.App.main()] jdbc.resultset                           : 1. ResultSet.next() returned true
2015-11-15 22:01:55.565  INFO 9820 --- [ap55.App.main()] jdbc.resultset                           : 1. ResultSet.getInt(checksum) returned -547091869
2015-11-15 22:01:55.565  INFO 9820 --- [ap55.App.main()] jdbc.resultset                           : 1. ResultSet.wasNull() returned false
2015-11-15 22:01:55.566  INFO 9820 --- [ap55.App.main()] jdbc.resultset                           : 1. ResultSet.getInt(version_rank) returned 3
2015-11-15 22:01:55.566  INFO 9820 --- [ap55.App.main()] jdbc.resultset                           : 1. ResultSet.getInt(installed_rank) returned 3
2015-11-15 22:01:55.566  INFO 9820 --- [ap55.App.main()] jdbc.resultset                           : 1. ResultSet.getString(version) returned 3
2015-11-15 22:01:55.566  INFO 9820 --- [ap55.App.main()] jdbc.resultset                           : 1. ResultSet.getString(description) returned import-item-master
2015-11-15 22:01:55.566  INFO 9820 --- [ap55.App.main()] jdbc.resultset                           : 1. ResultSet.getString(type) returned SQL
2015-11-15 22:01:55.566  INFO 9820 --- [ap55.App.main()] jdbc.resultset                           : 1. ResultSet.getString(script) returned V3__import-item-master.sql
2015-11-15 22:01:55.566  INFO 9820 --- [ap55.App.main()] jdbc.resultset                           : 1. ResultSet.getTimestamp(installed_on) returned 2015-11-15 21:56:51.591
2015-11-15 22:01:55.566  INFO 9820 --- [ap55.App.main()] jdbc.resultset                           : 1. ResultSet.getString(installed_by) returned SA
2015-11-15 22:01:55.566  INFO 9820 --- [ap55.App.main()] jdbc.resultset                           : 1. ResultSet.getInt(execution_time) returned 774
2015-11-15 22:01:55.566  INFO 9820 --- [ap55.App.main()] jdbc.resultset                           : 1. ResultSet.getBoolean(success) returned true
2015-11-15 22:01:55.566  INFO 9820 --- [ap55.App.main()] jdbc.resultset                           : 1. ResultSet.next() returned true
2015-11-15 22:01:55.567  INFO 9820 --- [ap55.App.main()] jdbc.resultset                           : 1. ResultSet.getInt(checksum) returned 1411208952
2015-11-15 22:01:55.567  INFO 9820 --- [ap55.App.main()] jdbc.resultset                           : 1. ResultSet.wasNull() returned false
2015-11-15 22:01:55.567  INFO 9820 --- [ap55.App.main()] jdbc.resultset                           : 1. ResultSet.getInt(version_rank) returned 4
2015-11-15 22:01:55.567  INFO 9820 --- [ap55.App.main()] jdbc.resultset                           : 1. ResultSet.getInt(installed_rank) returned 4
2015-11-15 22:01:55.567  INFO 9820 --- [ap55.App.main()] jdbc.resultset                           : 1. ResultSet.getString(version) returned 4
2015-11-15 22:01:55.567  INFO 9820 --- [ap55.App.main()] jdbc.resultset                           : 1. ResultSet.getString(description) returned import-sample-super-rare
2015-11-15 22:01:55.567  INFO 9820 --- [ap55.App.main()] jdbc.resultset                           : 1. ResultSet.getString(type) returned SQL
2015-11-15 22:01:55.567  INFO 9820 --- [ap55.App.main()] jdbc.resultset                           : 1. ResultSet.getString(script) returned V4__import-sample-super-rare.sql
2015-11-15 22:01:55.567  INFO 9820 --- [ap55.App.main()] jdbc.resultset                           : 1. ResultSet.getTimestamp(installed_on) returned 2015-11-15 21:56:51.608
2015-11-15 22:01:55.567  INFO 9820 --- [ap55.App.main()] jdbc.resultset                           : 1. ResultSet.getString(installed_by) returned SA
2015-11-15 22:01:55.567  INFO 9820 --- [ap55.App.main()] jdbc.resultset                           : 1. ResultSet.getInt(execution_time) returned 2
2015-11-15 22:01:55.567  INFO 9820 --- [ap55.App.main()] jdbc.resultset                           : 1. ResultSet.getBoolean(success) returned true
2015-11-15 22:01:55.568  INFO 9820 --- [ap55.App.main()] jdbc.resultsettable                      : |-------------|---------------|--------|-------------------------|-----|---------------------------------|-----------|------------------------|-------------|---------------|--------|
2015-11-15 22:01:55.568  INFO 9820 --- [ap55.App.main()] jdbc.resultsettable                      : |version_rank |installed_rank |version |description              |type |script                           |checksum   |installed_on            |installed_by |execution_time |success |
2015-11-15 22:01:55.569  INFO 9820 --- [ap55.App.main()] jdbc.resultsettable                      : |-------------|---------------|--------|-------------------------|-----|---------------------------------|-----------|------------------------|-------------|---------------|--------|
2015-11-15 22:01:55.569  INFO 9820 --- [ap55.App.main()] jdbc.resultsettable                      : |1            |1              |1       |create-schema            |SQL  |V1__create-schema.sql            |-54052939  |2015-11-15 21:56:50.539 |SA           |31             |true    |
2015-11-15 22:01:55.569  INFO 9820 --- [ap55.App.main()] jdbc.resultsettable                      : |2            |2              |2       |import-supre-rare-master |SQL  |V2__import-supre-rare-master.sql |1717863781 |2015-11-15 21:56:50.75  |SA           |171            |true    |
2015-11-15 22:01:55.570  INFO 9820 --- [ap55.App.main()] jdbc.resultsettable                      : |3            |3              |3       |import-item-master       |SQL  |V3__import-item-master.sql       |-547091869 |2015-11-15 21:56:51.591 |SA           |774            |true    |
2015-11-15 22:01:55.570  INFO 9820 --- [ap55.App.main()] jdbc.resultsettable                      : |4            |4              |4       |import-sample-super-rare |SQL  |V4__import-sample-super-rare.sql |1411208952 |2015-11-15 21:56:51.608 |SA           |2              |true    |
2015-11-15 22:01:55.570  INFO 9820 --- [ap55.App.main()] jdbc.resultsettable                      : |-------------|---------------|--------|-------------------------|-----|---------------------------------|-----------|------------------------|-------------|---------------|--------|
2015-11-15 22:01:55.570  INFO 9820 --- [ap55.App.main()] jdbc.resultset                           : 1. ResultSet.next() returned false
2015-11-15 22:01:55.570  INFO 9820 --- [ap55.App.main()] jdbc.resultset                           : 1. ResultSet.close() returned null
2015-11-15 22:01:55.570  INFO 9820 --- [ap55.App.main()] jdbc.audit                               : 1. Statement.close() returned 
2015-11-15 22:01:55.571  INFO 9820 --- [ap55.App.main()] o.f.core.internal.command.DbMigrate      : Current version of schema "PUBLIC": 4
2015-11-15 22:01:55.573  INFO 9820 --- [ap55.App.main()] jdbc.audit                               : 1. Connection.commit() returned 
2015-11-15 22:01:55.573  INFO 9820 --- [ap55.App.main()] jdbc.audit                               : 1. Connection.setAutoCommit(true) returned 
2015-11-15 22:01:55.573  INFO 9820 --- [ap55.App.main()] o.f.core.internal.command.DbMigrate      : Schema "PUBLIC" is up to date. No migration necessary.
2015-11-15 22:01:55.574  INFO 9820 --- [ap55.App.main()] jdbc.audit                               : 2. Connection.getAutoCommit() returned true
2015-11-15 22:01:55.574  INFO 9820 --- [ap55.App.main()] jdbc.audit                               : 2. Connection.setAutoCommit(false) returned 
2015-11-15 22:01:55.574  INFO 9820 --- [ap55.App.main()] jdbc.audit                               : 2. Connection.commit() returned 
2015-11-15 22:01:55.574  INFO 9820 --- [ap55.App.main()] jdbc.audit                               : 2. Connection.setAutoCommit(true) returned 
2015-11-15 22:01:55.574  INFO 9820 --- [ap55.App.main()] jdbc.connection                          : 2. Connection closed
2015-11-15 22:01:55.575  INFO 9820 --- [ap55.App.main()] jdbc.audit                               : 2. Connection.close() returned 
2015-11-15 22:01:55.575  INFO 9820 --- [ap55.App.main()] jdbc.connection                          : 1. Connection closed
2015-11-15 22:01:55.575  INFO 9820 --- [ap55.App.main()] jdbc.audit                               : 1. Connection.close() returned 
2015-11-15 22:01:55.742  INFO 9820 --- [ap55.App.main()] j.LocalContainerEntityManagerFactoryBean : Building JPA container EntityManagerFactory for persistence unit 'default'
2015-11-15 22:01:55.764  INFO 9820 --- [ap55.App.main()] o.hibernate.jpa.internal.util.LogHelper  : HHH000204: Processing PersistenceUnitInfo [
	name: default
	...]
2015-11-15 22:01:55.907  INFO 9820 --- [ap55.App.main()] org.hibernate.Version                    : HHH000412: Hibernate Core {4.3.10.Final}
2015-11-15 22:01:55.910  INFO 9820 --- [ap55.App.main()] org.hibernate.cfg.Environment            : HHH000206: hibernate.properties not found
2015-11-15 22:01:55.914  INFO 9820 --- [ap55.App.main()] org.hibernate.cfg.Environment            : HHH000021: Bytecode provider name : javassist
2015-11-15 22:01:56.143  INFO 9820 --- [ap55.App.main()] o.hibernate.annotations.common.Version   : HCANN000001: Hibernate Commons Annotations {4.0.5.Final}
2015-11-15 22:01:56.204  INFO 9820 --- [ap55.App.main()] jdbc.connection                          : 3. Connection opened
2015-11-15 22:01:56.204  INFO 9820 --- [ap55.App.main()] jdbc.audit                               : 3. Connection.new Connection returned 
2015-11-15 22:01:56.204  INFO 9820 --- [ap55.App.main()] jdbc.audit                               : 3. Connection.getMetaData() returned dbMeta17: conn9: url=jdbc:h2:file:c:/tmp/guild_story2 user=SA
2015-11-15 22:01:56.220  INFO 9820 --- [ap55.App.main()] jdbc.audit                               : 3. Connection.getMetaData() returned dbMeta18: conn9: url=jdbc:h2:file:c:/tmp/guild_story2 user=SA
2015-11-15 22:01:56.231  INFO 9820 --- [ap55.App.main()] org.hibernate.dialect.Dialect            : HHH000400: Using dialect: org.hibernate.dialect.H2Dialect
2015-11-15 22:01:56.247  INFO 9820 --- [ap55.App.main()] jdbc.audit                               : 3. Connection.getCatalog() returned GUILD_STORY2
2015-11-15 22:01:56.252  INFO 9820 --- [ap55.App.main()] jdbc.audit                               : 3. Connection.getMetaData() returned dbMeta19: conn9: url=jdbc:h2:file:c:/tmp/guild_story2 user=SA
2015-11-15 22:01:56.259  INFO 9820 --- [ap55.App.main()] jdbc.audit                               : 3. Connection.createClob() returned clob0: SPACE(0 /* table: -2 id: 1 */)
2015-11-15 22:01:56.259  INFO 9820 --- [ap55.App.main()] jdbc.connection                          : 3. Connection closed
2015-11-15 22:01:56.259  INFO 9820 --- [ap55.App.main()] jdbc.audit                               : 3. Connection.close() returned 
2015-11-15 22:01:56.444  INFO 9820 --- [ap55.App.main()] o.h.h.i.ast.ASTQueryTranslatorFactory    : HHH000397: Using ASTQueryTranslatorFactory
2015-11-15 22:01:56.975  INFO 9820 --- [ap55.App.main()] o.h.tool.hbm2ddl.SchemaValidator         : HHH000229: Running schema validator
2015-11-15 22:01:56.975  INFO 9820 --- [ap55.App.main()] o.h.tool.hbm2ddl.SchemaValidator         : HHH000102: Fetching database metadata
2015-11-15 22:01:56.975  INFO 9820 --- [ap55.App.main()] jdbc.connection                          : 4. Connection opened
2015-11-15 22:01:56.975  INFO 9820 --- [ap55.App.main()] jdbc.audit                               : 4. Connection.new Connection returned 
2015-11-15 22:01:56.978  INFO 9820 --- [ap55.App.main()] jdbc.audit                               : 4. Connection.getMetaData() returned dbMeta21: conn9: url=jdbc:h2:file:c:/tmp/guild_story2 user=SA
2015-11-15 22:01:56.978  INFO 9820 --- [ap55.App.main()] jdbc.audit                               : 4. Statement.new Statement returned 
2015-11-15 22:01:56.978  INFO 9820 --- [ap55.App.main()] jdbc.audit                               : 4. Connection.createStatement() returned net.sf.log4jdbc.StatementSpy@ee7e0a5
2015-11-15 22:01:56.978  INFO 9820 --- [ap55.App.main()] jdbc.sqlonly                             : select sequence_name from information_schema.sequences 
2015-11-15 22:01:56.979  INFO 9820 --- [ap55.App.main()] jdbc.sqltiming                           : select sequence_name from information_schema.sequences  {executed in 1 msec}
2015-11-15 22:01:56.979  INFO 9820 --- [ap55.App.main()] jdbc.resultset                           : 4. ResultSet.new ResultSet returned 
2015-11-15 22:01:56.979  INFO 9820 --- [ap55.App.main()] jdbc.audit                               : 4. Statement.executeQuery(select sequence_name from information_schema.sequences) returned net.sf.log4jdbc.ResultSetSpy@84fb206
2015-11-15 22:01:56.979  INFO 9820 --- [ap55.App.main()] jdbc.resultset                           : 4. ResultSet.next() returned true
2015-11-15 22:01:56.979  INFO 9820 --- [ap55.App.main()] jdbc.resultset                           : 4. ResultSet.getString(1) returned SYSTEM_SEQUENCE_C0CBA6CC_54EE_4177_B4E9_67DB78F8D611
2015-11-15 22:01:56.979  INFO 9820 --- [ap55.App.main()] jdbc.resultset                           : 4. ResultSet.next() returned true
2015-11-15 22:01:56.979  INFO 9820 --- [ap55.App.main()] jdbc.resultset                           : 4. ResultSet.getString(1) returned SYSTEM_SEQUENCE_63C41C8E_E1B4_4D8D_ADE9_893A5B9EBC0D
2015-11-15 22:01:56.979  INFO 9820 --- [ap55.App.main()] jdbc.resultset                           : 4. ResultSet.next() returned true
2015-11-15 22:01:56.980  INFO 9820 --- [ap55.App.main()] jdbc.resultset                           : 4. ResultSet.getString(1) returned SYSTEM_SEQUENCE_8258576F_C262_43B6_888A_40EF99225F45
2015-11-15 22:01:56.980  INFO 9820 --- [ap55.App.main()] jdbc.resultsettable                      : |-----------------------------------------------------|
2015-11-15 22:01:56.980  INFO 9820 --- [ap55.App.main()] jdbc.resultsettable                      : |SEQUENCE_NAME                                        |
2015-11-15 22:01:56.980  INFO 9820 --- [ap55.App.main()] jdbc.resultsettable                      : |-----------------------------------------------------|
2015-11-15 22:01:56.980  INFO 9820 --- [ap55.App.main()] jdbc.resultsettable                      : |SYSTEM_SEQUENCE_C0CBA6CC_54EE_4177_B4E9_67DB78F8D611 |
2015-11-15 22:01:56.980  INFO 9820 --- [ap55.App.main()] jdbc.resultsettable                      : |SYSTEM_SEQUENCE_63C41C8E_E1B4_4D8D_ADE9_893A5B9EBC0D |
2015-11-15 22:01:56.980  INFO 9820 --- [ap55.App.main()] jdbc.resultsettable                      : |SYSTEM_SEQUENCE_8258576F_C262_43B6_888A_40EF99225F45 |
2015-11-15 22:01:56.980  INFO 9820 --- [ap55.App.main()] jdbc.resultsettable                      : |-----------------------------------------------------|
2015-11-15 22:01:56.980  INFO 9820 --- [ap55.App.main()] jdbc.resultset                           : 4. ResultSet.next() returned false
2015-11-15 22:01:56.980  INFO 9820 --- [ap55.App.main()] jdbc.resultset                           : 4. ResultSet.close() returned null
2015-11-15 22:01:56.981  INFO 9820 --- [ap55.App.main()] jdbc.audit                               : 4. Statement.close() returned 
2015-11-15 22:01:56.991  INFO 9820 --- [ap55.App.main()] o.hibernate.tool.hbm2ddl.TableMetadata   : HHH000261: Table found: GUILD_STORY2.PUBLIC.ITEMS
2015-11-15 22:01:56.991  INFO 9820 --- [ap55.App.main()] o.hibernate.tool.hbm2ddl.TableMetadata   : HHH000037: Columns: [item_id, shogo, memo, id, super_rare_id]
2015-11-15 22:01:56.995  INFO 9820 --- [ap55.App.main()] o.hibernate.tool.hbm2ddl.TableMetadata   : HHH000261: Table found: GUILD_STORY2.PUBLIC.M_ITEM
2015-11-15 22:01:56.995  INFO 9820 --- [ap55.App.main()] o.hibernate.tool.hbm2ddl.TableMetadata   : HHH000037: Columns: [pronunciation, name, id]
2015-11-15 22:01:56.998  INFO 9820 --- [ap55.App.main()] o.hibernate.tool.hbm2ddl.TableMetadata   : HHH000261: Table found: GUILD_STORY2.PUBLIC.M_SUPER_RARE
2015-11-15 22:01:56.998  INFO 9820 --- [ap55.App.main()] o.hibernate.tool.hbm2ddl.TableMetadata   : HHH000037: Columns: [pronunciation, name, id, ability]
2015-11-15 22:01:56.999  INFO 9820 --- [ap55.App.main()] jdbc.audit                               : 4. Connection.getWarnings() returned null
2015-11-15 22:01:56.999  INFO 9820 --- [ap55.App.main()] jdbc.audit                               : 4. Connection.clearWarnings() returned 
2015-11-15 22:01:56.999  INFO 9820 --- [ap55.App.main()] jdbc.connection                          : 4. Connection closed
2015-11-15 22:01:56.999  INFO 9820 --- [ap55.App.main()] jdbc.audit                               : 4. Connection.close() returned 
2015-11-15 22:01:58.353  INFO 9820 --- [ap55.App.main()] s.w.s.m.m.a.RequestMappingHandlerAdapter : Looking for @ControllerAdvice: org.springframework.boot.context.embedded.AnnotationConfigEmbeddedWebApplicationContext@26f4be8a: startup date [Sun Nov 15 22:01:49 JST 2015]; root of context hierarchy
2015-11-15 22:01:58.493  INFO 9820 --- [ap55.App.main()] s.w.s.m.m.a.RequestMappingHandlerMapping : Mapped "{[/api/item],methods=[GET]}" onto java.util.List<com.yamap55.domain.ItemMaster> com.yamap55.api.ItemRestController.getCustomers()
2015-11-15 22:01:58.494  INFO 9820 --- [ap55.App.main()] s.w.s.m.m.a.RequestMappingHandlerMapping : Mapped "{[/api/super_rare],methods=[GET]}" onto java.util.List<com.yamap55.domain.SuperRareMaster> com.yamap55.api.SuperRaraRestController.getCustomers()
2015-11-15 22:01:58.494  INFO 9820 --- [ap55.App.main()] s.w.s.m.m.a.RequestMappingHandlerMapping : Mapped "{[],methods=[GET]}" onto java.lang.String com.yamap55.web.PossessedItemsController.list(org.springframework.ui.Model)
2015-11-15 22:01:58.504  WARN 9820 --- [ap55.App.main()] ationConfigEmbeddedWebApplicationContext : Exception encountered during context initialization - cancelling refresh attempt

org.springframework.beans.factory.BeanCreationException: Error creating bean with name 'requestMappingHandlerMapping' defined in class path resource [org/springframework/boot/autoconfigure/web/WebMvcAutoConfiguration$EnableWebMvcConfiguration.class]: Invocation of init method failed; nested exception is java.lang.IllegalStateException: Ambiguous mapping found. Cannot map 'superRareMasterController' bean method 
java.lang.String com.yamap55.web.SuperRareMasterController.list(org.springframework.ui.Model)
to {[],methods=[GET]}: There is already 'possessedItemsController' bean method
java.lang.String com.yamap55.web.PossessedItemsController.list(org.springframework.ui.Model) mapped.
	at org.springframework.beans.factory.support.AbstractAutowireCapableBeanFactory.initializeBean(AbstractAutowireCapableBeanFactory.java:1574)
	at org.springframework.beans.factory.support.AbstractAutowireCapableBeanFactory.doCreateBean(AbstractAutowireCapableBeanFactory.java:539)
	at org.springframework.beans.factory.support.AbstractAutowireCapableBeanFactory.createBean(AbstractAutowireCapableBeanFactory.java:476)
	at org.springframework.beans.factory.support.AbstractBeanFactory$1.getObject(AbstractBeanFactory.java:303)
	at org.springframework.beans.factory.support.DefaultSingletonBeanRegistry.getSingleton(DefaultSingletonBeanRegistry.java:230)
	at org.springframework.beans.factory.support.AbstractBeanFactory.doGetBean(AbstractBeanFactory.java:299)
	at org.springframework.beans.factory.support.AbstractBeanFactory.getBean(AbstractBeanFactory.java:194)
	at org.springframework.beans.factory.support.DefaultListableBeanFactory.preInstantiateSingletons(DefaultListableBeanFactory.java:755)
	at org.springframework.context.support.AbstractApplicationContext.finishBeanFactoryInitialization(AbstractApplicationContext.java:757)
	at org.springframework.context.support.AbstractApplicationContext.refresh(AbstractApplicationContext.java:480)
	at org.springframework.boot.context.embedded.EmbeddedWebApplicationContext.refresh(EmbeddedWebApplicationContext.java:118)
	at org.springframework.boot.SpringApplication.refresh(SpringApplication.java:686)
	at org.springframework.boot.SpringApplication.run(SpringApplication.java:320)
	at org.springframework.boot.SpringApplication.run(SpringApplication.java:957)
	at org.springframework.boot.SpringApplication.run(SpringApplication.java:946)
	at com.yamap55.App.main(App.java:12)
	at sun.reflect.NativeMethodAccessorImpl.invoke0(Native Method)
	at sun.reflect.NativeMethodAccessorImpl.invoke(NativeMethodAccessorImpl.java:62)
	at sun.reflect.DelegatingMethodAccessorImpl.invoke(DelegatingMethodAccessorImpl.java:43)
	at java.lang.reflect.Method.invoke(Method.java:497)
	at org.springframework.boot.maven.RunMojo$LaunchRunner.run(RunMojo.java:418)
	at java.lang.Thread.run(Thread.java:745)
Caused by: java.lang.IllegalStateException: Ambiguous mapping found. Cannot map 'superRareMasterController' bean method 
java.lang.String com.yamap55.web.SuperRareMasterController.list(org.springframework.ui.Model)
to {[],methods=[GET]}: There is already 'possessedItemsController' bean method
java.lang.String com.yamap55.web.PossessedItemsController.list(org.springframework.ui.Model) mapped.
	at org.springframework.web.servlet.handler.AbstractHandlerMethodMapping.registerHandlerMethod(AbstractHandlerMethodMapping.java:212)
	at org.springframework.web.servlet.handler.AbstractHandlerMethodMapping.detectHandlerMethods(AbstractHandlerMethodMapping.java:184)
	at org.springframework.web.servlet.handler.AbstractHandlerMethodMapping.initHandlerMethods(AbstractHandlerMethodMapping.java:144)
	at org.springframework.web.servlet.handler.AbstractHandlerMethodMapping.afterPropertiesSet(AbstractHandlerMethodMapping.java:123)
	at org.springframework.web.servlet.mvc.method.annotation.RequestMappingHandlerMapping.afterPropertiesSet(RequestMappingHandlerMapping.java:126)
	at org.springframework.beans.factory.support.AbstractAutowireCapableBeanFactory.invokeInitMethods(AbstractAutowireCapableBeanFactory.java:1633)
	at org.springframework.beans.factory.support.AbstractAutowireCapableBeanFactory.initializeBean(AbstractAutowireCapableBeanFactory.java:1570)
	... 21 common frames omitted

2015-11-15 22:01:58.508  INFO 9820 --- [ap55.App.main()] j.LocalContainerEntityManagerFactoryBean : Closing JPA EntityManagerFactory for persistence unit 'default'
2015-11-15 22:01:58.517  INFO 9820 --- [ap55.App.main()] o.apache.catalina.core.StandardService   : Stopping service Tomcat
2015-11-15 22:01:58.531  INFO 9820 --- [ap55.App.main()] .b.l.ClasspathLoggingApplicationListener : Application failed to start with classpath: [file:/C:/work/workspace/guild-story2-memo/guild-story2-memo/src/main/resources/, file:/C:/work/workspace/guild-story2-memo/guild-story2-memo/src/main/resources/, file:/C:/work/workspace/guild-story2-memo/guild-story2-memo/target/classes/, file:/C:/Users/yamap_55/.m2/repository/org/springframework/boot/spring-boot-starter-data-jpa/1.2.5.RELEASE/spring-boot-starter-data-jpa-1.2.5.RELEASE.jar, file:/C:/Users/yamap_55/.m2/repository/org/springframework/data/spring-data-jpa/1.7.3.RELEASE/spring-data-jpa-1.7.3.RELEASE.jar, file:/C:/Users/yamap_55/.m2/repository/org/springframework/boot/spring-boot-starter/1.2.5.RELEASE/spring-boot-starter-1.2.5.RELEASE.jar, file:/C:/Users/yamap_55/.m2/repository/org/yaml/snakeyaml/1.14/snakeyaml-1.14.jar, file:/C:/Users/yamap_55/.m2/repository/aopalliance/aopalliance/1.0/aopalliance-1.0.jar, file:/C:/Users/yamap_55/.m2/repository/org/springframework/spring-beans/4.1.7.RELEASE/spring-beans-4.1.7.RELEASE.jar, file:/C:/Users/yamap_55/.m2/repository/org/thymeleaf/thymeleaf-spring4/2.1.4.RELEASE/thymeleaf-spring4-2.1.4.RELEASE.jar, file:/C:/Users/yamap_55/.m2/repository/org/webjars/bootstrap/3.2.0/bootstrap-3.2.0.jar, file:/C:/Users/yamap_55/.m2/repository/org/slf4j/slf4j-api/1.7.12/slf4j-api-1.7.12.jar, file:/C:/Users/yamap_55/.m2/repository/org/springframework/boot/spring-boot-starter-web/1.2.5.RELEASE/spring-boot-starter-web-1.2.5.RELEASE.jar, file:/C:/Users/yamap_55/.m2/repository/xml-apis/xml-apis/1.0.b2/xml-apis-1.0.b2.jar, file:/C:/Users/yamap_55/.m2/repository/org/slf4j/jcl-over-slf4j/1.7.12/jcl-over-slf4j-1.7.12.jar, file:/C:/Users/yamap_55/.m2/repository/nz/net/ultraq/thymeleaf/thymeleaf-layout-dialect/1.2.9/thymeleaf-layout-dialect-1.2.9.jar, file:/C:/Users/yamap_55/.m2/repository/antlr/antlr/2.7.7/antlr-2.7.7.jar, file:/C:/Users/yamap_55/.m2/repository/org/springframework/boot/spring-boot-starter-logging/1.2.5.RELEASE/spring-boot-starter-logging-1.2.5.RELEASE.jar, file:/C:/Users/yamap_55/.m2/repository/org/springframework/data/spring-data-commons/1.9.3.RELEASE/spring-data-commons-1.9.3.RELEASE.jar, file:/C:/Users/yamap_55/.m2/repository/org/springframework/spring-jdbc/4.1.7.RELEASE/spring-jdbc-4.1.7.RELEASE.jar, file:/C:/Users/yamap_55/.m2/repository/ch/qos/logback/logback-classic/1.1.3/logback-classic-1.1.3.jar, file:/C:/Users/yamap_55/.m2/repository/org/springframework/spring-aop/4.1.7.RELEASE/spring-aop-4.1.7.RELEASE.jar, file:/C:/Users/yamap_55/.m2/repository/org/springframework/boot/spring-boot-autoconfigure/1.2.5.RELEASE/spring-boot-autoconfigure-1.2.5.RELEASE.jar, file:/C:/Users/yamap_55/.m2/repository/org/apache/tomcat/embed/tomcat-embed-websocket/8.0.23/tomcat-embed-websocket-8.0.23.jar, file:/C:/Users/yamap_55/.m2/repository/org/hibernate/hibernate-entitymanager/4.3.10.Final/hibernate-entitymanager-4.3.10.Final.jar, file:/C:/Users/yamap_55/.m2/repository/org/thymeleaf/thymeleaf/2.1.4.RELEASE/thymeleaf-2.1.4.RELEASE.jar, file:/C:/Users/yamap_55/.m2/repository/org/hamcrest/hamcrest-core/1.3/hamcrest-core-1.3.jar, file:/C:/Users/yamap_55/.m2/repository/org/apache/tomcat/embed/tomcat-embed-el/8.0.23/tomcat-embed-el-8.0.23.jar, file:/C:/Users/yamap_55/.m2/repository/org/aspectj/aspectjweaver/1.8.6/aspectjweaver-1.8.6.jar, file:/C:/Users/yamap_55/.m2/repository/org/apache/tomcat/embed/tomcat-embed-logging-juli/8.0.23/tomcat-embed-logging-juli-8.0.23.jar, file:/C:/Users/yamap_55/.m2/repository/com/fasterxml/jackson/core/jackson-annotations/2.4.6/jackson-annotations-2.4.6.jar, file:/C:/Users/yamap_55/.m2/repository/org/springframework/boot/spring-boot-starter-thymeleaf/1.2.5.RELEASE/spring-boot-starter-thymeleaf-1.2.5.RELEASE.jar, file:/C:/Users/yamap_55/.m2/repository/javax/validation/validation-api/1.1.0.Final/validation-api-1.1.0.Final.jar, file:/C:/Users/yamap_55/.m2/repository/dom4j/dom4j/1.6.1/dom4j-1.6.1.jar, file:/C:/Users/yamap_55/.m2/repository/org/springframework/spring-expression/4.1.7.RELEASE/spring-expression-4.1.7.RELEASE.jar, file:/C:/Users/yamap_55/.m2/repository/org/springframework/boot/spring-boot/1.2.5.RELEASE/spring-boot-1.2.5.RELEASE.jar, file:/C:/Users/yamap_55/.m2/repository/org/hibernate/hibernate-core/4.3.10.Final/hibernate-core-4.3.10.Final.jar, file:/C:/Users/yamap_55/.m2/repository/org/apache/tomcat/embed/tomcat-embed-core/8.0.23/tomcat-embed-core-8.0.23.jar, file:/C:/Users/yamap_55/.m2/repository/com/fasterxml/classmate/1.0.0/classmate-1.0.0.jar, file:/C:/Users/yamap_55/.m2/repository/org/unbescape/unbescape/1.1.0.RELEASE/unbescape-1.1.0.RELEASE.jar, file:/C:/Users/yamap_55/.m2/repository/org/springframework/spring-aspects/4.1.7.RELEASE/spring-aspects-4.1.7.RELEASE.jar, file:/C:/Users/yamap_55/.m2/repository/org/springframework/spring-orm/4.1.7.RELEASE/spring-orm-4.1.7.RELEASE.jar, file:/C:/Users/yamap_55/.m2/repository/ch/qos/logback/logback-core/1.1.3/logback-core-1.1.3.jar, file:/C:/Users/yamap_55/.m2/repository/org/flywaydb/flyway-core/3.1/flyway-core-3.1.jar, file:/C:/Users/yamap_55/.m2/repository/org/projectlombok/lombok/1.14.0/lombok-1.14.0.jar, file:/C:/Users/yamap_55/.m2/repository/org/jboss/jandex/1.1.0.Final/jandex-1.1.0.Final.jar, file:/C:/Users/yamap_55/.m2/repository/org/hibernate/javax/persistence/hibernate-jpa-2.1-api/1.0.0.Final/hibernate-jpa-2.1-api-1.0.0.Final.jar, file:/C:/Users/yamap_55/.m2/repository/org/webjars/jquery/1.11.1/jquery-1.11.1.jar, file:/C:/Users/yamap_55/.m2/repository/org/slf4j/jul-to-slf4j/1.7.12/jul-to-slf4j-1.7.12.jar, file:/C:/Users/yamap_55/.m2/repository/org/apache/tomcat/tomcat-juli/8.0.23/tomcat-juli-8.0.23.jar, file:/C:/Users/yamap_55/.m2/repository/com/fasterxml/jackson/core/jackson-databind/2.4.6/jackson-databind-2.4.6.jar, file:/C:/Users/yamap_55/.m2/repository/org/jboss/logging/jboss-logging/3.1.3.GA/jboss-logging-3.1.3.GA.jar, file:/C:/Users/yamap_55/.m2/repository/org/lazyluke/log4jdbc-remix/0.2.7/log4jdbc-remix-0.2.7.jar, file:/C:/Users/yamap_55/.m2/repository/org/springframework/spring-webmvc/4.1.7.RELEASE/spring-webmvc-4.1.7.RELEASE.jar, file:/C:/Users/yamap_55/.m2/repository/org/apache/tomcat/tomcat-jdbc/8.0.23/tomcat-jdbc-8.0.23.jar, file:/C:/Users/yamap_55/.m2/repository/com/h2database/h2/1.4.187/h2-1.4.187.jar, file:/C:/Users/yamap_55/.m2/repository/org/hibernate/hibernate-validator/5.1.3.Final/hibernate-validator-5.1.3.Final.jar, file:/C:/Users/yamap_55/.m2/repository/org/javassist/javassist/3.18.1-GA/javassist-3.18.1-GA.jar, file:/C:/Users/yamap_55/.m2/repository/org/springframework/spring-context/4.1.7.RELEASE/spring-context-4.1.7.RELEASE.jar, file:/C:/Users/yamap_55/.m2/repository/org/hibernate/common/hibernate-commons-annotations/4.0.5.Final/hibernate-commons-annotations-4.0.5.Final.jar, file:/C:/Users/yamap_55/.m2/repository/org/slf4j/log4j-over-slf4j/1.7.12/log4j-over-slf4j-1.7.12.jar, file:/C:/Users/yamap_55/.m2/repository/org/springframework/boot/spring-boot-starter-tomcat/1.2.5.RELEASE/spring-boot-starter-tomcat-1.2.5.RELEASE.jar, file:/C:/Users/yamap_55/.m2/repository/ognl/ognl/3.0.8/ognl-3.0.8.jar, file:/C:/Users/yamap_55/.m2/repository/org/jboss/logging/jboss-logging-annotations/1.2.0.Beta1/jboss-logging-annotations-1.2.0.Beta1.jar, file:/C:/Users/yamap_55/.m2/repository/org/springframework/spring-web/4.1.7.RELEASE/spring-web-4.1.7.RELEASE.jar, file:/C:/Users/yamap_55/.m2/repository/junit/junit/4.12/junit-4.12.jar, file:/C:/Users/yamap_55/.m2/repository/javax/transaction/javax.transaction-api/1.2/javax.transaction-api-1.2.jar, file:/C:/Users/yamap_55/.m2/repository/org/springframework/spring-tx/4.1.7.RELEASE/spring-tx-4.1.7.RELEASE.jar, file:/C:/Users/yamap_55/.m2/repository/org/aspectj/aspectjrt/1.8.6/aspectjrt-1.8.6.jar, file:/C:/Users/yamap_55/.m2/repository/org/springframework/boot/spring-boot-starter-aop/1.2.5.RELEASE/spring-boot-starter-aop-1.2.5.RELEASE.jar, file:/C:/Users/yamap_55/.m2/repository/com/fasterxml/jackson/core/jackson-core/2.4.6/jackson-core-2.4.6.jar, file:/C:/Users/yamap_55/.m2/repository/org/springframework/boot/spring-boot-starter-jdbc/1.2.5.RELEASE/spring-boot-starter-jdbc-1.2.5.RELEASE.jar, file:/C:/Users/yamap_55/.m2/repository/org/springframework/spring-core/4.1.7.RELEASE/spring-core-4.1.7.RELEASE.jar]
2015-11-15 22:01:58.535  INFO 9820 --- [ap55.App.main()] utoConfigurationReportLoggingInitializer : 

Error starting ApplicationContext. To display the auto-configuration report enable debug logging (start with --debug)


2015-11-15 22:01:58.536 ERROR 9820 --- [ap55.App.main()] o.s.boot.SpringApplication               : Application startup failed

org.springframework.beans.factory.BeanCreationException: Error creating bean with name 'requestMappingHandlerMapping' defined in class path resource [org/springframework/boot/autoconfigure/web/WebMvcAutoConfiguration$EnableWebMvcConfiguration.class]: Invocation of init method failed; nested exception is java.lang.IllegalStateException: Ambiguous mapping found. Cannot map 'superRareMasterController' bean method 
java.lang.String com.yamap55.web.SuperRareMasterController.list(org.springframework.ui.Model)
to {[],methods=[GET]}: There is already 'possessedItemsController' bean method
java.lang.String com.yamap55.web.PossessedItemsController.list(org.springframework.ui.Model) mapped.
	at org.springframework.beans.factory.support.AbstractAutowireCapableBeanFactory.initializeBean(AbstractAutowireCapableBeanFactory.java:1574)
	at org.springframework.beans.factory.support.AbstractAutowireCapableBeanFactory.doCreateBean(AbstractAutowireCapableBeanFactory.java:539)
	at org.springframework.beans.factory.support.AbstractAutowireCapableBeanFactory.createBean(AbstractAutowireCapableBeanFactory.java:476)
	at org.springframework.beans.factory.support.AbstractBeanFactory$1.getObject(AbstractBeanFactory.java:303)
	at org.springframework.beans.factory.support.DefaultSingletonBeanRegistry.getSingleton(DefaultSingletonBeanRegistry.java:230)
	at org.springframework.beans.factory.support.AbstractBeanFactory.doGetBean(AbstractBeanFactory.java:299)
	at org.springframework.beans.factory.support.AbstractBeanFactory.getBean(AbstractBeanFactory.java:194)
	at org.springframework.beans.factory.support.DefaultListableBeanFactory.preInstantiateSingletons(DefaultListableBeanFactory.java:755)
	at org.springframework.context.support.AbstractApplicationContext.finishBeanFactoryInitialization(AbstractApplicationContext.java:757)
	at org.springframework.context.support.AbstractApplicationContext.refresh(AbstractApplicationContext.java:480)
	at org.springframework.boot.context.embedded.EmbeddedWebApplicationContext.refresh(EmbeddedWebApplicationContext.java:118)
	at org.springframework.boot.SpringApplication.refresh(SpringApplication.java:686)
	at org.springframework.boot.SpringApplication.run(SpringApplication.java:320)
	at org.springframework.boot.SpringApplication.run(SpringApplication.java:957)
	at org.springframework.boot.SpringApplication.run(SpringApplication.java:946)
	at com.yamap55.App.main(App.java:12)
	at sun.reflect.NativeMethodAccessorImpl.invoke0(Native Method)
	at sun.reflect.NativeMethodAccessorImpl.invoke(NativeMethodAccessorImpl.java:62)
	at sun.reflect.DelegatingMethodAccessorImpl.invoke(DelegatingMethodAccessorImpl.java:43)
	at java.lang.reflect.Method.invoke(Method.java:497)
	at org.springframework.boot.maven.RunMojo$LaunchRunner.run(RunMojo.java:418)
	at java.lang.Thread.run(Thread.java:745)
Caused by: java.lang.IllegalStateException: Ambiguous mapping found. Cannot map 'superRareMasterController' bean method 
java.lang.String com.yamap55.web.SuperRareMasterController.list(org.springframework.ui.Model)
to {[],methods=[GET]}: There is already 'possessedItemsController' bean method
java.lang.String com.yamap55.web.PossessedItemsController.list(org.springframework.ui.Model) mapped.
	at org.springframework.web.servlet.handler.AbstractHandlerMethodMapping.registerHandlerMethod(AbstractHandlerMethodMapping.java:212)
	at org.springframework.web.servlet.handler.AbstractHandlerMethodMapping.detectHandlerMethods(AbstractHandlerMethodMapping.java:184)
	at org.springframework.web.servlet.handler.AbstractHandlerMethodMapping.initHandlerMethods(AbstractHandlerMethodMapping.java:144)
	at org.springframework.web.servlet.handler.AbstractHandlerMethodMapping.afterPropertiesSet(AbstractHandlerMethodMapping.java:123)
	at org.springframework.web.servlet.mvc.method.annotation.RequestMappingHandlerMapping.afterPropertiesSet(RequestMappingHandlerMapping.java:126)
	at org.springframework.beans.factory.support.AbstractAutowireCapableBeanFactory.invokeInitMethods(AbstractAutowireCapableBeanFactory.java:1633)
	at org.springframework.beans.factory.support.AbstractAutowireCapableBeanFactory.initializeBean(AbstractAutowireCapableBeanFactory.java:1570)
	... 21 common frames omitted

[WARNING] 
java.lang.reflect.InvocationTargetException
	at sun.reflect.NativeMethodAccessorImpl.invoke0(Native Method)
	at sun.reflect.NativeMethodAccessorImpl.invoke(NativeMethodAccessorImpl.java:62)
	at sun.reflect.DelegatingMethodAccessorImpl.invoke(DelegatingMethodAccessorImpl.java:43)
	at java.lang.reflect.Method.invoke(Method.java:497)
	at org.springframework.boot.maven.RunMojo$LaunchRunner.run(RunMojo.java:418)
	at java.lang.Thread.run(Thread.java:745)
Caused by: org.springframework.beans.factory.BeanCreationException: Error creating bean with name 'requestMappingHandlerMapping' defined in class path resource [org/springframework/boot/autoconfigure/web/WebMvcAutoConfiguration$EnableWebMvcConfiguration.class]: Invocation of init method failed; nested exception is java.lang.IllegalStateException: Ambiguous mapping found. Cannot map 'superRareMasterController' bean method 
java.lang.String com.yamap55.web.SuperRareMasterController.list(org.springframework.ui.Model)
to {[],methods=[GET]}: There is already 'possessedItemsController' bean method
java.lang.String com.yamap55.web.PossessedItemsController.list(org.springframework.ui.Model) mapped.
	at org.springframework.beans.factory.support.AbstractAutowireCapableBeanFactory.initializeBean(AbstractAutowireCapableBeanFactory.java:1574)
	at org.springframework.beans.factory.support.AbstractAutowireCapableBeanFactory.doCreateBean(AbstractAutowireCapableBeanFactory.java:539)
	at org.springframework.beans.factory.support.AbstractAutowireCapableBeanFactory.createBean(AbstractAutowireCapableBeanFactory.java:476)
	at org.springframework.beans.factory.support.AbstractBeanFactory$1.getObject(AbstractBeanFactory.java:303)
	at org.springframework.beans.factory.support.DefaultSingletonBeanRegistry.getSingleton(DefaultSingletonBeanRegistry.java:230)
	at org.springframework.beans.factory.support.AbstractBeanFactory.doGetBean(AbstractBeanFactory.java:299)
	at org.springframework.beans.factory.support.AbstractBeanFactory.getBean(AbstractBeanFactory.java:194)
	at org.springframework.beans.factory.support.DefaultListableBeanFactory.preInstantiateSingletons(DefaultListableBeanFactory.java:755)
	at org.springframework.context.support.AbstractApplicationContext.finishBeanFactoryInitialization(AbstractApplicationContext.java:757)
	at org.springframework.context.support.AbstractApplicationContext.refresh(AbstractApplicationContext.java:480)
	at org.springframework.boot.context.embedded.EmbeddedWebApplicationContext.refresh(EmbeddedWebApplicationContext.java:118)
	at org.springframework.boot.SpringApplication.refresh(SpringApplication.java:686)
	at org.springframework.boot.SpringApplication.run(SpringApplication.java:320)
	at org.springframework.boot.SpringApplication.run(SpringApplication.java:957)
	at org.springframework.boot.SpringApplication.run(SpringApplication.java:946)
	at com.yamap55.App.main(App.java:12)
	... 6 more
Caused by: java.lang.IllegalStateException: Ambiguous mapping found. Cannot map 'superRareMasterController' bean method 
java.lang.String com.yamap55.web.SuperRareMasterController.list(org.springframework.ui.Model)
to {[],methods=[GET]}: There is already 'possessedItemsController' bean method
java.lang.String com.yamap55.web.PossessedItemsController.list(org.springframework.ui.Model) mapped.
	at org.springframework.web.servlet.handler.AbstractHandlerMethodMapping.registerHandlerMethod(AbstractHandlerMethodMapping.java:212)
	at org.springframework.web.servlet.handler.AbstractHandlerMethodMapping.detectHandlerMethods(AbstractHandlerMethodMapping.java:184)
	at org.springframework.web.servlet.handler.AbstractHandlerMethodMapping.initHandlerMethods(AbstractHandlerMethodMapping.java:144)
	at org.springframework.web.servlet.handler.AbstractHandlerMethodMapping.afterPropertiesSet(AbstractHandlerMethodMapping.java:123)
	at org.springframework.web.servlet.mvc.method.annotation.RequestMappingHandlerMapping.afterPropertiesSet(RequestMappingHandlerMapping.java:126)
	at org.springframework.beans.factory.support.AbstractAutowireCapableBeanFactory.invokeInitMethods(AbstractAutowireCapableBeanFactory.java:1633)
	at org.springframework.beans.factory.support.AbstractAutowireCapableBeanFactory.initializeBean(AbstractAutowireCapableBeanFactory.java:1570)
	... 21 more
[INFO] ------------------------------------------------------------------------
[INFO] BUILD FAILURE
[INFO] ------------------------------------------------------------------------
[INFO] Total time: 14.891 s
[INFO] Finished at: 2015-11-15T22:01:58+09:00
[INFO] Final Memory: 37M/360M
[INFO] ------------------------------------------------------------------------
[ERROR] Failed to execute goal org.springframework.boot:spring-boot-maven-plugin:1.2.5.RELEASE:run (default-cli) on project guild-story2-memo: An exception occured while running. null: InvocationTargetException: Error creating bean with name 'requestMappingHandlerMapping' defined in class path resource [org/springframework/boot/autoconfigure/web/WebMvcAutoConfiguration$EnableWebMvcConfiguration.class]: Invocation of init method failed; nested exception is java.lang.IllegalStateException: Ambiguous mapping found. Cannot map 'superRareMasterController' bean method
[ERROR] java.lang.String com.yamap55.web.SuperRareMasterController.list(org.springframework.ui.Model)
[ERROR] to {[],methods=[GET]}: There is already 'possessedItemsController' bean method
[ERROR] java.lang.String com.yamap55.web.PossessedItemsController.list(org.springframework.ui.Model) mapped.
[ERROR] -> [Help 1]
[ERROR] 
[ERROR] To see the full stack trace of the errors, re-run Maven with the -e switch.
[ERROR] Re-run Maven using the -X switch to enable full debug logging.
[ERROR] 
[ERROR] For more information about the errors and possible solutions, please read the following articles:
[ERROR] [Help 1] http://cwiki.apache.org/confluence/display/MAVEN/MojoExecutionException
